1024
0.0010320802684873343
7.1373120590578765e-05
0.00047777994768694043
0.00035110389580950141
0.00047426804667338729
0.000133067587739788
0.00053720007417723536
-0.0036340472288429737
-0.0001414500002283603
0.00036998203722760081
7.874157017795369e-05
0.0010674238437786698
0.0007865533116273582
0.0013039276236668229
0.00097482913406565785
-0.00016703571600373834
0.0010385834611952305
0.00065917317988350987
0.0015296912752091885
0.0013603196712210774
0.0015732635511085391
0.0013356597628444433
0.00067820301046594977
0.0010540271177887917
0.00077678990783169866
0.0017589771887287498
0.0015546870417892933
0.00090776360593736172
0.0015427767066285014
0.00011041227844543755
0.00065832445397973061
-0.00021746840502601117
0.0011477458756417036
0.00088416080689057708
7.7310396591201425e-05
0.00084793526912108064
0.00014013097097631544
0.0003551623085513711
-0.00055660086218267679
-0.00018873257795348763
0.00079763465328142047
-0.0008413551258854568
0.00071575195761397481
-0.00074927415698766708
0.00069781183265149593
-0.0018414028454571962
-0.00042048588511534035
0.00019248238822910935
-0.0011637391289696097
0.00031081729684956372
-0.0015811147168278694
-0.00026200921274721622
-0.0018540164455771446
-0.0013688743347302079
-0.0039767138659954071
-0.0023708061780780554
-0.00033917991095222533
-0.0027955975383520126
-0.0029762580525130033
-0.0053871055133640766
-0.0037372228689491749
-0.0090304026380181313
-0.0059567587450146675
-0.0040063611231744289
-0.0051265386864542961
-0.0035545662976801395
-0.0060176244005560875
-0.0041513438336551189
-0.0044872858561575413
-0.0068203150294721127
-0.0055209570564329624
-0.0074485819786787033
-0.0042404606938362122
-0.006706316489726305
-0.0050486274994909763
-0.005220604594796896
-0.0079449992626905441
-0.0062014679424464703
-0.0079880384728312492
-0.0050892289727926254
-0.0076370188035070896
-0.0076446020975708961
-0.0057197748683393002
-0.0083097862079739571
-0.0068582519888877869
-0.0091894818469882011
-0.0073311803862452507
-0.0088101504370570183
-0.0087765445932745934
-0.0065122530795633793
-0.0091369198635220528
-0.0080154119059443474
-0.011250624433159828
-0.0086762411519885063
-0.0094849597662687302
-0.0097923660650849342
-0.0069318045862019062
-0.010061915963888168
-0.0084585715085268021
-0.012285459786653519
-0.010467872023582458
-0.01102331280708313
-0.010934354737401009
-0.0076094893738627434
-0.013066045939922333
-0.0093289166688919067
-0.014958562329411507
-0.011680606752634048
-0.016341833397746086
-0.012297629378736019
-0.0097075458616018295
-0.014125201851129532
-0.01165321096777916
-0.016091318801045418
-0.012195396237075329
-0.01307749655097723
-0.017110571265220642
-0.012951134704053402
-0.019192976877093315
-0.015325138345360756
-0.019729660823941231
-0.015524917282164097
-0.014059511944651604
-0.019706586375832558
-0.016447193920612335
-0.020361131057143211
-0.015730902552604675
-0.020556163042783737
-0.016816213726997375
-0.014404991641640663
-0.019451754167675972
-0.016411334276199341
-0.020641451701521873
-0.015962591394782066
-0.020346639677882195
-0.019546506926417351
-0.01465781033039093
-0.020223647356033325
-0.016384551301598549
-0.023506384342908859
-0.018907992169260979
-0.020986501127481461
-0.01875789649784565
-0.014886585064232349
-0.020915709435939789
-0.018383152782917023
-0.023733856156468391
-0.020776305347681046
-0.021298285573720932
-0.019466683268547058
-0.014734291471540928
-0.02399139478802681
-0.018644679337739944
-0.026646874845027924
-0.020773632451891899
-0.024015264585614204
-0.019983271136879921
-0.017369642853736877
-0.023471806198358536
-0.021114276722073555
-0.026848416775465012
-0.020676206797361374
-0.024148928001523018
-0.022879801690578461
-0.016822170466184616
-0.023047424852848053
-0.019932650029659271
-0.026131870225071907
-0.019221751019358635
-0.017492126673460007
-0.022482069209218025
-0.019322285428643227
-0.024877414107322693
-0.019853385165333748
-0.025671541690826416
-0.019991811364889145
-0.017090339213609695
-0.024654988199472427
-0.019102964550256729
-0.024855252355337143
-0.019875640049576759
-0.025526633486151695
-0.023749750107526779
-0.017092276364564896
-0.024328544735908508
-0.018986457958817482
-0.025486579164862633
-0.022564882412552834
-0.025283694267272949
-0.023162486031651497
-0.017236992716789246
-0.024656688794493675
-0.021970657631754875
-0.02741195447742939
-0.022497568279504776
-0.024781826883554459
-0.022222360596060753
-0.016324538737535477
-0.024869175627827644
-0.020988130941987038
-0.026720618829131126
-0.02377026341855526
-0.026204628869891167
-0.022424133494496346
-0.015665151178836823
-0.02754298597574234
-0.020870067179203033
-0.029529545456171036
-0.022780772298574448
-0.02597331814467907
-0.02232801541686058
-0.018091566860675812
-0.026392776519060135
-0.02296297624707222
-0.028947127982974052
-0.021323781460523605
-0.018206555396318436
-0.025473011657595634
-0.017460264265537262
-0.027389679104089737
-0.021907327696681023
-0.028619490563869476
-0.020397583022713661
-0.017487455159425735
-0.026934586465358734
-0.019202433526515961
-0.025667250156402588
-0.019830236211419106
-0.026112800464034081
-0.017926694825291634
-0.011709315702319145
-0.019832305610179901
-0.012891290709376335
-0.019736938178539276
-0.01436579879373312
-0.019730275496840477
-0.016479598358273506
-0.0099012069404125214
-0.018538860604166985
-0.011167047545313835
-0.020416727289557457
-0.015288150869309902
-0.019001347944140434
-0.014824199490249157
-0.0095971077680587769
-0.018241547048091888
-0.01427459716796875
-0.01889873668551445
-0.015119342133402824
-0.018584329634904861
-0.014646982774138451
-0.0089724650606513023
-0.019013021141290665
-0.013389179483056068
-0.01977190189063549
-0.013927449472248554
-0.020600114017724991
-0.014570846222341061
-0.010284552350640297
-0.017049979418516159
-0.013435673899948597
-0.018070803955197334
-0.011751788668334484
-0.014577086083590984
-0.014614519663155079
-0.0088629117235541344
-0.015325353480875492
-0.011310163885354996
-0.016329012811183929
-0.0098111480474472046
-0.0067061400040984154
-0.013594052754342556
-0.0089372256770730019
-0.014702516607940197
-0.010434690862894058
-0.015185553580522537
-0.0098329167813062668
-0.0061124293133616447
-0.014250342734158039
-0.0081935692578554153
-0.013594968244433403
-0.010272735729813576
-0.014376352541148663
-0.012001338414847851
-0.0056517976336181164
-0.013120448216795921
-0.0074791978113353252
-0.013388820923864841
-0.010371806100010872
-0.013510866090655327
-0.010499034076929092
-0.0053399908356368542
-0.012280060909688473
-0.0081319995224475861
-0.01286653708666563
-0.0090169049799442291
-0.01292251143604517
-0.0084280539304018021
-0.003937209490686655
-0.011302199214696884
-0.0067731472663581371
-0.01133942324668169
-0.0082556279376149178
-0.0152000542730093
-0.0079418700188398361
-0.0031557711772620678
-0.011207831092178822
-0.0058872122317552567
-0.011228462681174278
-0.006389156449586153
-0.013774427585303783
-0.0073825875297188759
-0.003874076995998621
-0.0097185838967561722
-0.0061257858760654926
-0.010133011266589165
-0.0051907808519899845
-0.0019300519488751888
-0.0084037473425269127
-0.0029746743384748697
-0.0088996132835745811
-0.0055453670211136341
-0.0094365868717432022
-0.0049243303947150707
-0.00081384985242038965
-0.0075993374921381474
-0.0029879135545343161
-0.0074190185405313969
-0.0045347972773015499
-0.0079095512628555298
-0.0054302890785038471
0.00045259378384798765
-0.0059403376653790474
-0.0012199238408356905
-0.0065196575596928596
-0.003550136461853981
-0.0069202203303575516
-0.003046299796551466
0.0015625505475327373
-0.0053040874190628529
-0.00034754478838294744
-0.0058980677276849747
-0.0037041467148810625
-0.0068131918087601662
-0.0019989530555903912
0.0016127395210787654
-0.0054222443141043186
-0.001118718646466732
-0.0052669281139969826
-0.0019811121746897697
-0.0083014694973826408
-0.0016789109213277698
0.0018367634620517492
-0.0046730609610676765
-0.00037089773104526103
-0.0043660448864102364
-0.00086211174493655562
-0.0099815092980861664
-0.0013691292842850089
0.0027684844098985195
-0.0028344159945845604
0.0014620957663282752
-0.0025184797123074532
0.0017241659807041287
0.00055456568952649832
1.4605278693125001e-06
0.0036928979679942131
-0.0018072823295369744
0.0020718139130622149
-0.0013436686713248491
0.0026033518370240927
0.0072894641198217869
0.00035041105002164841
0.0044771111570298672
-0.00024978024885058403
0.0019991339650005102
-0.00072252744575962424
0.002134429756551981
0.0072354227304458618
0.0011211164528504014
0.0050081470981240273
0.001138120424002409
0.002053962554782629
-0.0002283614594489336
0.0038450006395578384
0.0068504060618579388
0.0021092400420457125
0.0051777372136712074
0.00142288813367486
0.0034367695916444063
0.00073926732875406742
0.0050001530908048153
0.0077604511752724648
0.0033680580090731382
0.0069224727340042591
0.0037316244561225176
0.0047722272574901581
0.0011505081783980131
0.0070817978121340275
0.0091001782566308975
0.0037973124999552965
0.0074450285173952579
0.0051070386543869972
0.0066134962253272533
-0.0025210913736373186
0.0072252899408340454
0.0093901297077536583
0.0054083955474197865
0.0079602953046560287
0.0066041210666298866
0.008584863506257534
0.0026994484942406416
0.0073858555406332016
0.009984857402741909
0.0064597912132740021
0.0093007506802678108
0.007796174380928278
0.0095689725130796432
0.014394435100257397
0.0086463680490851402
0.011083637364208698
0.0094199609011411667
0.0098549751564860344
0.0088810408487915993
0.0098264412954449654
0.01604737900197506
0.011952023021876812
0.013842139393091202
0.011680576018989086
0.010863317176699638
0.010679393075406551
0.010336046107113361
0.016165314242243767
0.012119495309889317
0.014983266592025757
0.011583501473069191
0.010869323275983334
0.010539998300373554
0.015410324558615685
0.016749618574976921
0.012827402912080288
0.015336471609771252
0.01529755350202322
0.013320961967110634
0.011166751384735107
0.016159443184733391
0.017095839604735374
0.012748848646879196
0.016581568866968155
0.015337574295699596
0.017761541530489922
0.0077853715047240257
0.017083363607525826
0.017398150637745857
0.017354870215058327
0.017905846238136292
0.02020871639251709
0.024440053850412369
0.015506762079894543
0.022562950849533081
0.025892406702041626
0.024189610034227371
0.027944993227720261
0.027761779725551605
0.027888089418411255
0.028582101687788963
0.02782122977077961
0.026540843769907951
0.025070145726203918
0.027291722595691681
0.029027100652456284
0.027445366606116295
0.033862784504890442
0.027885034680366516
0.031286489218473434
0.02908395417034626
0.026955315843224525
0.028734970837831497
0.027707075700163841
0.033067703247070312
0.030646048486232758
0.030771704390645027
0.029648272320628166
0.026398094370961189
0.027878593653440475
0.032526206225156784
0.032223526388406754
0.030747951939702034
0.03129471093416214
0.029878003522753716
0.031335324048995972
0.028468308970332146
0.033336982131004333
0.032452136278152466
0.03129829466342926
0.035379108041524887
0.033760063350200653
0.031380899250507355
0.028087712824344635
0.032578438520431519
0.031663041561841965
0.030263744294643402
0.033673584461212158
0.033372491598129272
0.034612078219652176
0.024711649864912033
0.031665489077568054
0.030516745522618294
0.033235747367143631
0.032192733138799667
0.035806875675916672
0.033967979252338409
0.030859494581818581
0.028613824397325516
0.029379775747656822
0.030470853671431541
0.032582957297563553
0.034520827233791351
0.031604167073965073
0.035365462303161621
0.033091980963945389
0.02965032123029232
0.035736557096242905
0.031984131783246994
0.035360563546419144
0.030910871922969818
0.036303333938121796
0.038587342947721481
0.034669585525989532
0.035967454314231873
0.03171805664896965
0.034420449286699295
0.033345930278301239
0.034873958677053452
0.036561839282512665
0.034406781196594238
0.035255201160907745
0.030600149184465408
0.033114336431026459
0.038250330835580826
0.034466594457626343
0.035997088998556137
0.033359285444021225
0.039672605693340302
0.033980023115873337
0.032802075147628784
0.036537390202283859
0.033548902720212936
0.034901846200227737
0.037132818251848221
0.037795357406139374
0.038356542587280273
0.030208028852939606
0.036649107933044434
0.03326324000954628
0.039747346192598343
0.03653133288025856
0.042595129460096359
0.037817846983671188
0.032863810658454895
0.035813886672258377
0.036974985152482986
0.038510832935571671
0.040181085467338562
0.042362086474895477
0.038632787764072418
0.042861524969339371
0.04018787294626236
0.035360325127840042
0.037348289042711258
0.037752203643321991
0.041346501559019089
0.035721000283956528
0.041830077767372131
0.038587424904108047
0.039383944123983383
0.04044753685593605
0.035981263965368271
0.039189290255308151
0.034750614315271378
0.040394581854343414
0.04201921820640564
0.038805510848760605
0.040311329066753387
0.035596910864114761
0.037952501326799393
0.043771304190158844
0.039691969752311707
0.041327077895402908
0.038318473845720291
0.039824102073907852
0.040304936468601227
0.037757948040962219
0.043374925851821899
0.039951417595148087
0.040460102260112762
0.043525110930204391
0.043698903173208237
0.039604004472494125
0.035507079213857651
0.041955336928367615
0.038762900978326797
0.039738301187753677
0.041714824736118317
0.042691726237535477
0.043528974056243896
0.035695962607860565
0.041283875703811646
0.037192203104496002
0.043803870677947998
0.039952699095010757
0.045908603817224503
0.042710404843091965
0.043108697980642319
0.038868799805641174
0.040362868458032608
0.041488587856292725
0.043921656906604767
0.045336242765188217
0.04160521924495697
0.047408986836671829
0.044176019728183746
0.039667285978794098
0.046429615467786789
0.041803468018770218
0.045172248035669327
0.039683260023593903
0.046323753893375397
0.048384439200162888
0.044163886457681656
0.044792871922254562
0.039991490542888641
0.042752083390951157
0.042317051440477371
0.043545667082071304
0.044907074421644211
0.042243126779794693
0.042596537619829178
0.037669099867343903
0.040128514170646667
0.046143662184476852
0.040977701544761658
0.042937982827425003
0.039478663355112076
0.047120563685894012
0.040946003049612045
0.036587387323379517
0.043406117707490921
0.039727162569761276
0.041786067187786102
0.044757775962352753
0.044607363641262054
0.045798860490322113
0.035068109631538391
0.043338153511285782
0.039321094751358032
0.047099564224481583
0.043037243187427521
0.049923393875360489
0.044375397264957428
0.040141388773918152
0.041910279542207718
0.042891800403594971
0.044832732528448105
0.046596277505159378
0.049016710370779037
0.044783808290958405
0.049141719937324524
0.046309240162372589
0.040650200098752975
0.043447595089673996
0.043711960315704346
0.047428220510482788
0.041214950382709503
0.047828972339630127
0.04443860799074173
0.045317783951759338
0.046882849186658859
0.041323345154523849
0.045228678733110428
0.040242146700620651
0.046810481697320938
0.048738297075033188
0.044808588922023773
0.046243626624345779
0.040850620716810226
0.04339754581451416
0.050272274762392044
0.044627804309129715
0.046855628490447998
0.043049540370702744
0.044868417084217072
0.044455751776695251
0.042536947876214981
0.048345997929573059
0.044245854020118713
0.044849921017885208
0.048228103667497635
0.048793215304613113
0.043181173503398895
0.037405826151371002
0.045718275010585785
0.041993550956249237
0.043668296188116074
0.045213736593723297
0.046912889927625656
0.047580625861883163
0.040001031011343002
0.044504079967737198
0.040255293250083923
0.047661438584327698
0.043492361903190613
0.050429616123437881
0.047247182577848434
0.049062907695770264
0.04234834760427475
0.044521782547235489
0.045280057936906815
0.048538636416196823
0.049898568540811539
0.046130932867527008
0.052727546542882919
0.048499945551156998
0.043404363095760345
0.05067925900220871
0.046044003218412399
0.04962167888879776
0.044008519500494003
0.051561862230300903
0.053067542612552643
0.049101937562227249
0.04893527552485466
0.04382290318608284
0.046747747808694839
0.047312069684267044
0.048658851534128189
0.048928182572126389
0.047003857791423798
0.046394407749176025
0.041592717170715332
0.043586049228906631
0.051487930119037628
0.046768542379140854
0.047695409506559372
0.044954296201467514
0.051961775869131088
0.046584475785493851
0.040307749062776566
0.048467770218849182
0.045568745583295822
0.04642878845334053
0.05073976144194603
0.048465128988027573
0.051378808915615082
0.041587043553590775
0.047345627099275589
0.043964546173810959
0.051551282405853271
0.047664709389209747
0.053860481828451157
0.048532228916883469
0.047357331961393356
0.045019984245300293
0.04687131941318512
0.047100670635700226
0.049824461340904236
0.050978057086467743
0.047028187662363052
0.04910171777009964
0.046666555106639862
0.040614165365695953
0.04390300065279007
0.043892372399568558
0.048106104135513306
0.041426334530115128
0.047318264842033386
0.044409021735191345
0.044772543013095856
0.047273304313421249
0.041421152651309967
0.045252431184053421
0.040160752832889557
0.046034291386604309
0.049123112112283707
0.044083286076784134
0.046295434236526489
0.040907125920057297
0.043062198907136917
0.049565348774194717
0.043706081807613373
0.046659063547849655
0.04238598421216011
0.044602110981941223
0.044376853853464127
0.042080841958522797
0.047950666397809982
0.042872443795204163
0.044720973819494247
0.046987779438495636
0.048438366502523422
0.04235435277223587
0.038203544914722443
0.044808246195316315
0.0407569520175457
0.043284256011247635
0.044700067490339279
0.046263348311185837
0.047225844115018845
0.044251203536987305
0.044634457677602768
0.039430197328329086
0.047601025551557541
0.042408592998981476
0.049615643918514252
0.045557532459497452
0.051545102149248123
0.041368376463651657
0.042906753718852997
0.044170189648866653
0.046330694109201431
0.047887761145830154
0.043886102735996246
0.049451660364866257
0.046891693025827408
0.040824893862009048
0.048952490091323853
0.04365219920873642
0.0473833829164505
0.041052047163248062
0.047827176749706268
0.050209213048219681
0.0456496961414814
0.045872047543525696
0.040980376303195953
0.043803118169307709
0.04412856325507164
0.044440228492021561
0.046188008040189743
0.043751969933509827
0.044177930802106857
0.039327271282672882
0.041193064302206039
0.048106011003255844
0.042860615998506546
0.04466811940073967
0.041183013468980789
0.049082491546869278
0.043935380876064301
0.039109192788600922
0.045340873301029205
0.041928745806217194
0.043449029326438904
0.046466991305351257
0.045757371932268143
0.048045828938484192
0.041571598500013351
0.044232238084077835
0.040767140686511993
0.048370417207479477
0.044136494398117065
0.050283532589673996
0.045879431068897247
0.047774225473403931
0.042606078088283539
0.042948562651872635
0.04468076303601265
0.046128023415803909
0.047808241099119186
0.044450607150793076
0.048979543149471283
0.045571640133857727
0.041046962141990662
0.04298834502696991
0.043661594390869141
0.046047400683164597
0.041156724095344543
0.047691725194454193
0.043556377291679382
0.044644083827733994
0.04547780379652977
0.040471233427524567
0.042920015752315521
0.039330806583166122
0.045456536114215851
0.046677447855472565
0.043258894234895706
0.043508622795343399
0.039527971297502518
0.039944693446159363
0.047036297619342804
0.042277012020349503
0.04382232204079628
0.039934813976287842
0.040913693606853485
0.041063640266656876
0.037960387766361237
0.042068898677825928
0.037236627191305161
0.040026944130659103
0.041093900799751282
0.042539231479167938
0.037903834134340286
0.035244733095169067
0.039347480982542038
0.034664954990148544
0.038760039955377579
0.039445508271455765
0.040604494512081146
0.041632905602455139
0.041874639689922333
0.039202369749546051
0.033874120563268661
0.04138454794883728
0.036923844367265701
0.042847517877817154
0.039683587849140167
0.043377839028835297
0.036169387400150299
0.036588791757822037
0.038580328226089478
0.039511099457740784
0.041122846305370331
0.037983722984790802
0.042380388826131821
0.040144540369510651
0.034788452088832855
0.041675399988889694
0.037178538739681244
0.039625842124223709
0.034749466925859451
0.040581583976745605
0.042857814580202103
0.038065508008003235
0.03922589123249054
0.034759078174829483
0.037140287458896637
0.037750482559204102
0.038557697087526321
0.039694406092166901
0.037412039935588837
0.037536103278398514
0.033805996179580688
0.034650467336177826
0.040684938430786133
0.035980440676212311
0.037542097270488739
0.0346720851957798
0.041056901216506958
0.036258578300476074
0.034329012036323547
0.037423867732286453
0.035220447927713394
0.035443082451820374
0.038615722209215164
0.03756491094827652
0.039754863828420639
0.036285161972045898
0.035395599901676178
0.032917831093072891
0.038242731243371964
0.03470650315284729
0.038107376545667648
0.036856353282928467
0.03994334489107132
0.030850667506456375
0.033521849662065506
0.03337174654006958
0.036708228290081024
0.035332489758729935
0.036082901060581207
0.039457369595766068
0.033659707754850388
0.032660085707902908
0.032027754932641983
0.035198517143726349
0.034174926578998566
0.033008214086294174
0.038672704249620438
0.031886942684650421
0.034840576350688934
0.032413769513368607
0.032531782984733582
0.031185060739517212
0.031284961849451065
0.036261532455682755
0.034197758883237839
0.033660463988780975
0.031209597364068031
0.030511863529682159
0.028057219460606575
0.033565368503332138
0.033232998102903366
0.029991168528795242
0.029431996867060661
0.025901192799210548
0.030474308878183365
0.023382384330034256
0.030813761055469513
0.029533887282013893
0.028732514008879662
0.031087525188922882
0.027874013409018517
0.029474616050720215
0.025384319946169853
0.027925185859203339
0.027376044541597366
0.026817148551344872
0.029997691512107849
0.023548446595668793
0.02917802706360817
0.031236454844474792
0.025295412167906761
0.024923091754317284
0.026558913290500641
0.026502197608351707
0.024750884622335434
0.023689087480306625
0.030669445171952248
0.020664172247052193
0.025325154885649681
0.018943699076771736
0.023119820281863213
0.017104679718613625
0.016833910718560219
